<?xml version="1.0" encoding="UTF-8"?>
<testsuites>
  <testsuite name="fit_gee" timestamp="2023-02-22T19:13:09Z" hostname="22c4ed5d098a" tests="16" skipped="0" failures="0" errors="0" time="1.339">
    <testcase time="0.0209999999999999" classname="fit_gee" name="build_formula_builds_the_correct_formula"/>
    <testcase time="0.193" classname="fit_gee" name="build_formula_works_without_covariates"/>
    <testcase time="0.00600000000000023" classname="fit_gee" name="build_formula_works_without_covariates"/>
    <testcase time="0.475" classname="fit_gee" name="build_family_returns_the_correct_class"/>
    <testcase time="0.00200000000000022" classname="fit_gee" name="build_family_returns_the_correct_class"/>
    <testcase time="0.012" classname="fit_gee" name="build_family_gives_error_message_if_incorrect_regression_type_is_given"/>
    <testcase time="0.00800000000000001" classname="fit_gee" name="build_cor_details_returns_the_correct_correlation_details"/>
    <testcase time="0.00800000000000001" classname="fit_gee" name="build_cor_details_gives_error_message_if_incorrect_correlation_structure_is_given"/>
    <testcase time="0.285" classname="fit_gee" name="fit_gee_works_as_expected_for_unstructured_correlation_structure"/>
    <testcase time="0.00099999999999989" classname="fit_gee" name="fit_gee_works_as_expected_for_unstructured_correlation_structure"/>
    <testcase time="0.101" classname="fit_gee" name="fit_gee_works_as_expected_for_AR1_correlation_structure"/>
    <testcase time="0.00199999999999978" classname="fit_gee" name="fit_gee_works_as_expected_for_AR1_correlation_structure"/>
    <testcase time="0.0890000000000004" classname="fit_gee" name="fit_gee_works_as_expected_for_compound_symmetry_correlation_structure"/>
    <testcase time="0.00199999999999978" classname="fit_gee" name="fit_gee_works_as_expected_for_compound_symmetry_correlation_structure"/>
    <testcase time="0.132" classname="fit_gee" name="fit_gee_works_as_expected_for_Toeplitz_correlation_structure"/>
    <testcase time="0.00199999999999978" classname="fit_gee" name="fit_gee_works_as_expected_for_Toeplitz_correlation_structure"/>
  </testsuite>
  <testsuite name="gee_methods" timestamp="2023-02-22T19:13:11Z" hostname="22c4ed5d098a" tests="10" skipped="0" failures="0" errors="0" time="0.63">
    <testcase time="0.155" classname="gee_methods" name="vcov_works_as_expected"/>
    <testcase time="0.00099999999999989" classname="gee_methods" name="vcov_works_as_expected"/>
    <testcase time="0.143" classname="gee_methods" name="VarCorr_works_as_expected_for_unstructured_correlation_structure"/>
    <testcase time="0.00699999999999967" classname="gee_methods" name="VarCorr_works_as_expected_for_unstructured_correlation_structure"/>
    <testcase time="0.0880000000000001" classname="gee_methods" name="VarCorr_works_as_expected_for_compound_symmetry_correlation_structure"/>
    <testcase time="0.00499999999999989" classname="gee_methods" name="VarCorr_works_as_expected_for_compound_symmetry_correlation_structure"/>
    <testcase time="0.0960000000000001" classname="gee_methods" name="VarCorr_works_as_expected_for_AR1_correlation_structure"/>
    <testcase time="0.00499999999999989" classname="gee_methods" name="VarCorr_works_as_expected_for_AR1_correlation_structure"/>
    <testcase time="0.126" classname="gee_methods" name="VarCorr_works_as_expected_for_Toeplitz_correlation_structure"/>
    <testcase time="0.00399999999999956" classname="gee_methods" name="VarCorr_works_as_expected_for_Toeplitz_correlation_structure"/>
  </testsuite>
  <testsuite name="lsmeans" timestamp="2023-02-22T19:13:11Z" hostname="22c4ed5d098a" tests="4" skipped="0" failures="0" errors="0" time="0.251">
    <testcase time="0.243" classname="lsmeans" name="lsmeans_works_for_logistic_model"/>
    <testcase time="0.000999999999999446" classname="lsmeans" name="lsmeans_works_for_logistic_model"/>
    <testcase time="0.00100000000000033" classname="lsmeans" name="lsmeans_works_for_logistic_model"/>
    <testcase time="0.00600000000000023" classname="lsmeans" name="lsmeans_works_for_logistic_model"/>
  </testsuite>
  <testsuite name="tabulate_gee" timestamp="2023-02-22T19:13:12Z" hostname="22c4ed5d098a" tests="8" skipped="1" failures="0" errors="0" time="1.055">
    <testcase time="0.157999999999999" classname="tabulate_gee" name="h_gee_coef_works_as_expected">
      <skipped message="Reason: empty test ('test-tabulate_gee.R:13')"/>
    </testcase>
    <testcase time="0.0940000000000003" classname="tabulate_gee" name="h_gee_cov_works_as_expected"/>
    <testcase time="0.0209999999999999" classname="tabulate_gee" name="h_gee_cov_works_as_expected"/>
    <testcase time="0.0519999999999996" classname="tabulate_gee" name="h_gee_cov_works_as_expected"/>
    <testcase time="0.0899999999999999" classname="tabulate_gee" name="s_lsmeans_logistic_works_as_expected_when_not_in_reference_column"/>
    <testcase time="0.0870000000000006" classname="tabulate_gee" name="s_mmrm_lsmeans_works_as_expected_when_in_reference_column"/>
    <testcase time="0.274" classname="tabulate_gee" name="summarize_gee_logistic_works_as_expected_with_covariates_in_the_model"/>
    <testcase time="0.279" classname="tabulate_gee" name="summarize_gee_logistic_works_as_expected_with_no_covariates_in_the_model"/>
  </testsuite>
</testsuites>
