<?xml version="1.0" encoding="UTF-8"?>
<testsuites>
  <testsuite name="fit_gee" timestamp="2023-02-10T15:59:31Z" hostname="89cfce21cf19" tests="16" skipped="0" failures="0" errors="0" time="1.368">
    <testcase time="0.0219999999999998" classname="fit_gee" name="build_formula_builds_the_correct_formula"/>
    <testcase time="0.228" classname="fit_gee" name="build_formula_works_without_covariates"/>
    <testcase time="0.00700000000000012" classname="fit_gee" name="build_formula_works_without_covariates"/>
    <testcase time="0.477" classname="fit_gee" name="build_family_returns_the_correct_class"/>
    <testcase time="0.00199999999999978" classname="fit_gee" name="build_family_returns_the_correct_class"/>
    <testcase time="0.012" classname="fit_gee" name="build_family_gives_error_message_if_incorrect_regression_type_is_given"/>
    <testcase time="0.00700000000000012" classname="fit_gee" name="build_cor_details_returns_the_correct_correlation_details"/>
    <testcase time="0.0089999999999999" classname="fit_gee" name="build_cor_details_gives_error_message_if_incorrect_correlation_structure_is_given"/>
    <testcase time="0.282" classname="fit_gee" name="fit_gee_works_as_expected_for_unstructured_correlation_structure"/>
    <testcase time="0.00099999999999989" classname="fit_gee" name="fit_gee_works_as_expected_for_unstructured_correlation_structure"/>
    <testcase time="0.0990000000000002" classname="fit_gee" name="fit_gee_works_as_expected_for_AR1_correlation_structure"/>
    <testcase time="0.00200000000000022" classname="fit_gee" name="fit_gee_works_as_expected_for_AR1_correlation_structure"/>
    <testcase time="0.0879999999999996" classname="fit_gee" name="fit_gee_works_as_expected_for_compound_symmetry_correlation_structure"/>
    <testcase time="0.00100000000000033" classname="fit_gee" name="fit_gee_works_as_expected_for_compound_symmetry_correlation_structure"/>
    <testcase time="0.13" classname="fit_gee" name="fit_gee_works_as_expected_for_Toeplitz_correlation_structure"/>
    <testcase time="0.00099999999999989" classname="fit_gee" name="fit_gee_works_as_expected_for_Toeplitz_correlation_structure"/>
  </testsuite>
  <testsuite name="gee_methods" timestamp="2023-02-10T15:59:33Z" hostname="89cfce21cf19" tests="10" skipped="0" failures="0" errors="0" time="0.619">
    <testcase time="0.152" classname="gee_methods" name="vcov_works_as_expected"/>
    <testcase time="0.00199999999999978" classname="gee_methods" name="vcov_works_as_expected"/>
    <testcase time="0.140000000000001" classname="gee_methods" name="VarCorr_works_as_expected_for_unstructured_correlation_structure"/>
    <testcase time="0.00599999999999934" classname="gee_methods" name="VarCorr_works_as_expected_for_unstructured_correlation_structure"/>
    <testcase time="0.0870000000000006" classname="gee_methods" name="VarCorr_works_as_expected_for_compound_symmetry_correlation_structure"/>
    <testcase time="0.00499999999999989" classname="gee_methods" name="VarCorr_works_as_expected_for_compound_symmetry_correlation_structure"/>
    <testcase time="0.0949999999999998" classname="gee_methods" name="VarCorr_works_as_expected_for_AR1_correlation_structure"/>
    <testcase time="0.00499999999999989" classname="gee_methods" name="VarCorr_works_as_expected_for_AR1_correlation_structure"/>
    <testcase time="0.122" classname="gee_methods" name="VarCorr_works_as_expected_for_Toeplitz_correlation_structure"/>
    <testcase time="0.00499999999999989" classname="gee_methods" name="VarCorr_works_as_expected_for_Toeplitz_correlation_structure"/>
  </testsuite>
  <testsuite name="lsmeans" timestamp="2023-02-10T15:59:33Z" hostname="89cfce21cf19" tests="4" skipped="0" failures="0" errors="0" time="0.244">
    <testcase time="0.236000000000001" classname="lsmeans" name="lsmeans_works_for_logistic_model"/>
    <testcase time="0.000999999999999446" classname="lsmeans" name="lsmeans_works_for_logistic_model"/>
    <testcase time="0.00100000000000033" classname="lsmeans" name="lsmeans_works_for_logistic_model"/>
    <testcase time="0.00600000000000023" classname="lsmeans" name="lsmeans_works_for_logistic_model"/>
  </testsuite>
  <testsuite name="tabulate_gee" timestamp="2023-02-10T15:59:33Z" hostname="89cfce21cf19" tests="8" skipped="1" failures="0" errors="0" time="1.034">
    <testcase time="0.154999999999999" classname="tabulate_gee" name="h_gee_coef_works_as_expected">
      <skipped message="Reason: empty test ('test-tabulate_gee.R:13')"/>
    </testcase>
    <testcase time="0.0960000000000001" classname="tabulate_gee" name="h_gee_cov_works_as_expected"/>
    <testcase time="0.0209999999999999" classname="tabulate_gee" name="h_gee_cov_works_as_expected"/>
    <testcase time="0.0550000000000006" classname="tabulate_gee" name="h_gee_cov_works_as_expected"/>
    <testcase time="0.0869999999999997" classname="tabulate_gee" name="s_lsmeans_logistic_works_as_expected_when_not_in_reference_column"/>
    <testcase time="0.0809999999999995" classname="tabulate_gee" name="s_mmrm_lsmeans_works_as_expected_when_in_reference_column"/>
    <testcase time="0.266" classname="tabulate_gee" name="summarize_gee_logistic_works_as_expected_with_covariates_in_the_model"/>
    <testcase time="0.273000000000001" classname="tabulate_gee" name="summarize_gee_logistic_works_as_expected_with_no_covariates_in_the_model"/>
  </testsuite>
</testsuites>
