<?xml version="1.0" encoding="UTF-8"?>
<testsuites>
  <testsuite name="fit_gee" timestamp="2023-08-21T15:20:21Z" hostname="99623382ae9b" tests="16" skipped="0" failures="0" errors="0" time="1.926">
    <testcase time="0.0310000000000001" classname="fit_gee" name="build_formula_builds_the_correct_formula"/>
    <testcase time="0.132" classname="fit_gee" name="build_formula_works_without_covariates"/>
    <testcase time="0.0089999999999999" classname="fit_gee" name="build_formula_works_without_covariates"/>
    <testcase time="0.865" classname="fit_gee" name="build_family_returns_the_correct_class"/>
    <testcase time="0.00300000000000011" classname="fit_gee" name="build_family_returns_the_correct_class"/>
    <testcase time="0.032" classname="fit_gee" name="build_family_gives_error_message_if_incorrect_regression_type_is_given"/>
    <testcase time="0.0169999999999995" classname="fit_gee" name="build_cor_details_returns_the_correct_correlation_details"/>
    <testcase time="0.0190000000000001" classname="fit_gee" name="build_cor_details_gives_error_message_if_incorrect_correlation_structure_is_given"/>
    <testcase time="0.336" classname="fit_gee" name="fit_gee_works_as_expected_for_unstructured_correlation_structure"/>
    <testcase time="0.00300000000000011" classname="fit_gee" name="fit_gee_works_as_expected_for_unstructured_correlation_structure"/>
    <testcase time="0.138" classname="fit_gee" name="fit_gee_works_as_expected_for_AR1_correlation_structure"/>
    <testcase time="0.00199999999999978" classname="fit_gee" name="fit_gee_works_as_expected_for_AR1_correlation_structure"/>
    <testcase time="0.15" classname="fit_gee" name="fit_gee_works_as_expected_for_compound_symmetry_correlation_structure"/>
    <testcase time="0.00199999999999978" classname="fit_gee" name="fit_gee_works_as_expected_for_compound_symmetry_correlation_structure"/>
    <testcase time="0.185" classname="fit_gee" name="fit_gee_works_as_expected_for_Toeplitz_correlation_structure"/>
    <testcase time="0.00200000000000067" classname="fit_gee" name="fit_gee_works_as_expected_for_Toeplitz_correlation_structure"/>
  </testsuite>
  <testsuite name="gee_methods" timestamp="2023-08-21T15:20:23Z" hostname="99623382ae9b" tests="10" skipped="0" failures="0" errors="0" time="0.909">
    <testcase time="0.210999999999999" classname="gee_methods" name="vcov_works_as_expected"/>
    <testcase time="0.00100000000000033" classname="gee_methods" name="vcov_works_as_expected"/>
    <testcase time="0.204" classname="gee_methods" name="VarCorr_works_as_expected_for_unstructured_correlation_structure"/>
    <testcase time="0.00999999999999979" classname="gee_methods" name="VarCorr_works_as_expected_for_unstructured_correlation_structure"/>
    <testcase time="0.129" classname="gee_methods" name="VarCorr_works_as_expected_for_compound_symmetry_correlation_structure"/>
    <testcase time="0.00600000000000023" classname="gee_methods" name="VarCorr_works_as_expected_for_compound_symmetry_correlation_structure"/>
    <testcase time="0.146999999999999" classname="gee_methods" name="VarCorr_works_as_expected_for_AR1_correlation_structure"/>
    <testcase time="0.00700000000000056" classname="gee_methods" name="VarCorr_works_as_expected_for_AR1_correlation_structure"/>
    <testcase time="0.186999999999999" classname="gee_methods" name="VarCorr_works_as_expected_for_Toeplitz_correlation_structure"/>
    <testcase time="0.00700000000000056" classname="gee_methods" name="VarCorr_works_as_expected_for_Toeplitz_correlation_structure"/>
  </testsuite>
  <testsuite name="lsmeans" timestamp="2023-08-21T15:20:24Z" hostname="99623382ae9b" tests="4" skipped="0" failures="0" errors="0" time="0.337">
    <testcase time="0.326" classname="lsmeans" name="lsmeans_works_for_logistic_model"/>
    <testcase time="0.00100000000000033" classname="lsmeans" name="lsmeans_works_for_logistic_model"/>
    <testcase time="0.00199999999999978" classname="lsmeans" name="lsmeans_works_for_logistic_model"/>
    <testcase time="0.00800000000000001" classname="lsmeans" name="lsmeans_works_for_logistic_model"/>
  </testsuite>
  <testsuite name="tabulate_gee" timestamp="2023-08-21T15:20:25Z" hostname="99623382ae9b" tests="8" skipped="1" failures="0" errors="0" time="1.472">
    <testcase time="0.214" classname="tabulate_gee" name="h_gee_coef_works_as_expected">
      <skipped message="Reason: empty test ('test-tabulate_gee.R:13:1')"/>
    </testcase>
    <testcase time="0.127" classname="tabulate_gee" name="h_gee_cov_works_as_expected"/>
    <testcase time="0.0300000000000002" classname="tabulate_gee" name="h_gee_cov_works_as_expected"/>
    <testcase time="0.0889999999999995" classname="tabulate_gee" name="h_gee_cov_works_as_expected"/>
    <testcase time="0.123" classname="tabulate_gee" name="s_lsmeans_logistic_works_as_expected_when_not_in_reference_column"/>
    <testcase time="0.108" classname="tabulate_gee" name="s_mmrm_lsmeans_works_as_expected_when_in_reference_column"/>
    <testcase time="0.384" classname="tabulate_gee" name="summarize_gee_logistic_works_as_expected_with_covariates_in_the_model"/>
    <testcase time="0.397" classname="tabulate_gee" name="summarize_gee_logistic_works_as_expected_with_no_covariates_in_the_model"/>
  </testsuite>
</testsuites>
