<?xml version="1.0" encoding="UTF-8"?>
<testsuites>
  <testsuite name="fit_gee" timestamp="2023-12-07T16:19:52Z" hostname="fd24ca638c98" tests="16" skipped="0" failures="0" errors="0" time="1.202">
    <testcase time="0.0170000000000001" classname="fit_gee" name="build_formula_builds_the_correct_formula"/>
    <testcase time="0.0209999999999999" classname="fit_gee" name="build_formula_works_without_covariates"/>
    <testcase time="0.00600000000000001" classname="fit_gee" name="build_formula_works_without_covariates"/>
    <testcase time="0.569" classname="fit_gee" name="build_family_returns_the_correct_class"/>
    <testcase time="0.00199999999999978" classname="fit_gee" name="build_family_returns_the_correct_class"/>
    <testcase time="0.0180000000000002" classname="fit_gee" name="build_family_gives_error_message_if_incorrect_regression_type_is_given"/>
    <testcase time="0.00999999999999979" classname="fit_gee" name="build_cor_details_returns_the_correct_correlation_details"/>
    <testcase time="0.0110000000000001" classname="fit_gee" name="build_cor_details_gives_error_message_if_incorrect_correlation_structure_is_given"/>
    <testcase time="0.178" classname="fit_gee" name="fit_gee_works_as_expected_for_unstructured_correlation_structure"/>
    <testcase time="0.00199999999999978" classname="fit_gee" name="fit_gee_works_as_expected_for_unstructured_correlation_structure"/>
    <testcase time="0.127" classname="fit_gee" name="fit_gee_works_as_expected_for_AR1_correlation_structure"/>
    <testcase time="0.00099999999999989" classname="fit_gee" name="fit_gee_works_as_expected_for_AR1_correlation_structure"/>
    <testcase time="0.105" classname="fit_gee" name="fit_gee_works_as_expected_for_compound_symmetry_correlation_structure"/>
    <testcase time="0.00200000000000022" classname="fit_gee" name="fit_gee_works_as_expected_for_compound_symmetry_correlation_structure"/>
    <testcase time="0.131" classname="fit_gee" name="fit_gee_works_as_expected_for_Toeplitz_correlation_structure"/>
    <testcase time="0.00200000000000022" classname="fit_gee" name="fit_gee_works_as_expected_for_Toeplitz_correlation_structure"/>
  </testsuite>
  <testsuite name="gee_methods" timestamp="2023-12-07T16:19:53Z" hostname="fd24ca638c98" tests="10" skipped="0" failures="0" errors="0" time="0.619">
    <testcase time="0.147" classname="gee_methods" name="vcov_works_as_expected"/>
    <testcase time="0.00200000000000022" classname="gee_methods" name="vcov_works_as_expected"/>
    <testcase time="0.134" classname="gee_methods" name="VarCorr_works_as_expected_for_unstructured_correlation_structure"/>
    <testcase time="0.00599999999999978" classname="gee_methods" name="VarCorr_works_as_expected_for_unstructured_correlation_structure"/>
    <testcase time="0.0870000000000002" classname="gee_methods" name="VarCorr_works_as_expected_for_compound_symmetry_correlation_structure"/>
    <testcase time="0.00499999999999989" classname="gee_methods" name="VarCorr_works_as_expected_for_compound_symmetry_correlation_structure"/>
    <testcase time="0.103" classname="gee_methods" name="VarCorr_works_as_expected_for_AR1_correlation_structure"/>
    <testcase time="0.00499999999999989" classname="gee_methods" name="VarCorr_works_as_expected_for_AR1_correlation_structure"/>
    <testcase time="0.124" classname="gee_methods" name="VarCorr_works_as_expected_for_Toeplitz_correlation_structure"/>
    <testcase time="0.00599999999999978" classname="gee_methods" name="VarCorr_works_as_expected_for_Toeplitz_correlation_structure"/>
  </testsuite>
  <testsuite name="lsmeans" timestamp="2023-12-07T16:19:53Z" hostname="fd24ca638c98" tests="4" skipped="0" failures="0" errors="0" time="0.237">
    <testcase time="0.227" classname="lsmeans" name="lsmeans_works_for_logistic_model"/>
    <testcase time="0.00199999999999978" classname="lsmeans" name="lsmeans_works_for_logistic_model"/>
    <testcase time="0.00200000000000022" classname="lsmeans" name="lsmeans_works_for_logistic_model"/>
    <testcase time="0.00599999999999978" classname="lsmeans" name="lsmeans_works_for_logistic_model"/>
  </testsuite>
  <testsuite name="tabulate_gee" timestamp="2023-12-07T16:19:54Z" hostname="fd24ca638c98" tests="7" skipped="3" failures="0" errors="0" time="0.958">
    <testcase time="0.181" classname="tabulate_gee" name="h_gee_cov_works_as_expected"/>
    <testcase time="0.0250000000000004" classname="tabulate_gee" name="h_gee_cov_works_as_expected"/>
    <testcase time="0.0969999999999995" classname="tabulate_gee" name="h_gee_cov_works_as_expected">
      <skipped message="Reason: On CRAN ('test-tabulate_gee.R:32:3')"/>
    </testcase>
    <testcase time="0.0890000000000004" classname="tabulate_gee" name="s_lsmeans_logistic_works_as_expected_when_not_in_reference_column"/>
    <testcase time="0.0579999999999998" classname="tabulate_gee" name="s_mmrm_lsmeans_works_as_expected_when_in_reference_column"/>
    <testcase time="0.277" classname="tabulate_gee" name="summarize_gee_logistic_works_as_expected_with_covariates_in_the_model">
      <skipped message="Reason: On CRAN ('test-tabulate_gee.R:73:3')"/>
    </testcase>
    <testcase time="0.231" classname="tabulate_gee" name="summarize_gee_logistic_works_as_expected_with_no_covariates_in_the_model">
      <skipped message="Reason: On CRAN ('test-tabulate_gee.R:98:3')"/>
    </testcase>
  </testsuite>
</testsuites>
