<?xml version="1.0" encoding="UTF-8"?>
<testsuites>
  <testsuite name="fit_gee" timestamp="2024-08-06T13:03:46Z" hostname="7939eae612d5" tests="25" skipped="0" failures="0" errors="0" time="0.961">
    <testcase time="0.018" classname="fit_gee" name="build_formula_builds_the_correct_formula"/>
    <testcase time="0.024" classname="fit_gee" name="build_formula_works_without_covariates"/>
    <testcase time="0.00600000000000001" classname="fit_gee" name="build_formula_works_without_covariates"/>
    <testcase time="0.31" classname="fit_gee" name="build_family_returns_the_correct_class"/>
    <testcase time="0.00100000000000033" classname="fit_gee" name="build_family_returns_the_correct_class"/>
    <testcase time="0.00999999999999979" classname="fit_gee" name="build_family_gives_error_message_if_incorrect_regression_type_is_given"/>
    <testcase time="0.0140000000000002" classname="fit_gee" name="build_cor_details_returns_the_correct_correlation_details"/>
    <testcase time="0.00699999999999967" classname="fit_gee" name="build_cor_details_gives_error_message_if_incorrect_correlation_structure_is_given"/>
    <testcase time="0.00499999999999989" classname="fit_gee" name="order_data_works_as_expected"/>
    <testcase time="0.00199999999999978" classname="fit_gee" name="order_data_works_as_expected"/>
    <testcase time="0.00100000000000033" classname="fit_gee" name="order_data_works_as_expected"/>
    <testcase time="0.00299999999999967" classname="fit_gee" name="order_data_works_as_expected"/>
    <testcase time="0.0180000000000002" classname="fit_gee" name="order_data_messages_are_as_expected_and_can_be_suppressed_for_character_visit_variable"/>
    <testcase time="0.00099999999999989" classname="fit_gee" name="order_data_messages_are_as_expected_and_can_be_suppressed_for_character_visit_variable"/>
    <testcase time="0.00099999999999989" classname="fit_gee" name="order_data_messages_are_as_expected_and_can_be_suppressed_for_character_visit_variable"/>
    <testcase time="0.00100000000000033" classname="fit_gee" name="order_data_messages_are_as_expected_and_can_be_suppressed_for_character_visit_variable"/>
    <testcase time="0.00299999999999967" classname="fit_gee" name="order_data_messages_are_as_expected_and_can_be_suppressed_for_character_visit_variable"/>
    <testcase time="0.147" classname="fit_gee" name="fit_gee_works_as_expected_for_unstructured_correlation_structure"/>
    <testcase time="0.00199999999999978" classname="fit_gee" name="fit_gee_works_as_expected_for_unstructured_correlation_structure"/>
    <testcase time="0.146" classname="fit_gee" name="fit_gee_works_as_expected_for_AR1_correlation_structure"/>
    <testcase time="0.00100000000000033" classname="fit_gee" name="fit_gee_works_as_expected_for_AR1_correlation_structure"/>
    <testcase time="0.103" classname="fit_gee" name="fit_gee_works_as_expected_for_compound_symmetry_correlation_structure"/>
    <testcase time="0.00200000000000022" classname="fit_gee" name="fit_gee_works_as_expected_for_compound_symmetry_correlation_structure"/>
    <testcase time="0.133" classname="fit_gee" name="fit_gee_works_as_expected_for_Toeplitz_correlation_structure"/>
    <testcase time="0.00199999999999978" classname="fit_gee" name="fit_gee_works_as_expected_for_Toeplitz_correlation_structure"/>
  </testsuite>
  <testsuite name="gee_methods" timestamp="2024-08-06T13:03:47Z" hostname="7939eae612d5" tests="10" skipped="0" failures="0" errors="0" time="0.623">
    <testcase time="0.147" classname="gee_methods" name="vcov_works_as_expected"/>
    <testcase time="0.00199999999999978" classname="gee_methods" name="vcov_works_as_expected"/>
    <testcase time="0.135" classname="gee_methods" name="VarCorr_works_as_expected_for_unstructured_correlation_structure"/>
    <testcase time="0.00499999999999989" classname="gee_methods" name="VarCorr_works_as_expected_for_unstructured_correlation_structure"/>
    <testcase time="0.0979999999999999" classname="gee_methods" name="VarCorr_works_as_expected_for_compound_symmetry_correlation_structure"/>
    <testcase time="0.00500000000000034" classname="gee_methods" name="VarCorr_works_as_expected_for_compound_symmetry_correlation_structure"/>
    <testcase time="0.0989999999999998" classname="gee_methods" name="VarCorr_works_as_expected_for_AR1_correlation_structure"/>
    <testcase time="0.004" classname="gee_methods" name="VarCorr_works_as_expected_for_AR1_correlation_structure"/>
    <testcase time="0.123" classname="gee_methods" name="VarCorr_works_as_expected_for_Toeplitz_correlation_structure"/>
    <testcase time="0.00499999999999989" classname="gee_methods" name="VarCorr_works_as_expected_for_Toeplitz_correlation_structure"/>
  </testsuite>
  <testsuite name="lsmeans" timestamp="2024-08-06T13:03:47Z" hostname="7939eae612d5" tests="4" skipped="0" failures="0" errors="0" time="0.241">
    <testcase time="0.232" classname="lsmeans" name="lsmeans_works_for_logistic_model"/>
    <testcase time="0.00200000000000022" classname="lsmeans" name="lsmeans_works_for_logistic_model"/>
    <testcase time="0.00199999999999978" classname="lsmeans" name="lsmeans_works_for_logistic_model"/>
    <testcase time="0.00500000000000034" classname="lsmeans" name="lsmeans_works_for_logistic_model"/>
  </testsuite>
  <testsuite name="tabulate_gee" timestamp="2024-08-06T13:03:48Z" hostname="7939eae612d5" tests="7" skipped="0" failures="0" errors="0" time="1.052">
    <testcase time="0.207" classname="tabulate_gee" name="h_gee_cov_works_as_expected"/>
    <testcase time="0.0329999999999999" classname="tabulate_gee" name="h_gee_cov_works_as_expected"/>
    <testcase time="0.124" classname="tabulate_gee" name="h_gee_cov_works_as_expected"/>
    <testcase time="0.0620000000000003" classname="tabulate_gee" name="s_lsmeans_logistic_works_as_expected_when_not_in_reference_column"/>
    <testcase time="0.056" classname="tabulate_gee" name="s_mmrm_lsmeans_works_as_expected_when_in_reference_column"/>
    <testcase time="0.327999999999999" classname="tabulate_gee" name="summarize_gee_logistic_works_as_expected_with_covariates_in_the_model"/>
    <testcase time="0.242" classname="tabulate_gee" name="summarize_gee_logistic_works_as_expected_with_no_covariates_in_the_model"/>
  </testsuite>
</testsuites>
