<?xml version="1.0" encoding="UTF-8"?>
<testsuites>
  <testsuite name="fit_gee" timestamp="2024-08-06T13:04:00Z" hostname="6f71e4b1ed72" tests="25" skipped="0" failures="0" errors="0" time="1.008">
    <testcase time="0.02" classname="fit_gee" name="build_formula_builds_the_correct_formula"/>
    <testcase time="0.0250000000000001" classname="fit_gee" name="build_formula_works_without_covariates"/>
    <testcase time="0.00599999999999978" classname="fit_gee" name="build_formula_works_without_covariates"/>
    <testcase time="0.321" classname="fit_gee" name="build_family_returns_the_correct_class"/>
    <testcase time="0.00199999999999978" classname="fit_gee" name="build_family_returns_the_correct_class"/>
    <testcase time="0.0100000000000002" classname="fit_gee" name="build_family_gives_error_message_if_incorrect_regression_type_is_given"/>
    <testcase time="0.00699999999999967" classname="fit_gee" name="build_cor_details_returns_the_correct_correlation_details"/>
    <testcase time="0.00700000000000012" classname="fit_gee" name="build_cor_details_gives_error_message_if_incorrect_correlation_structure_is_given"/>
    <testcase time="0.00499999999999989" classname="fit_gee" name="order_data_works_as_expected"/>
    <testcase time="0.00300000000000011" classname="fit_gee" name="order_data_works_as_expected"/>
    <testcase time="0.00099999999999989" classname="fit_gee" name="order_data_works_as_expected"/>
    <testcase time="0.00300000000000011" classname="fit_gee" name="order_data_works_as_expected"/>
    <testcase time="0.028" classname="fit_gee" name="order_data_messages_are_as_expected_and_can_be_suppressed_for_character_visit_variable"/>
    <testcase time="0.00100000000000033" classname="fit_gee" name="order_data_messages_are_as_expected_and_can_be_suppressed_for_character_visit_variable"/>
    <testcase time="0.00099999999999989" classname="fit_gee" name="order_data_messages_are_as_expected_and_can_be_suppressed_for_character_visit_variable"/>
    <testcase time="0.00099999999999989" classname="fit_gee" name="order_data_messages_are_as_expected_and_can_be_suppressed_for_character_visit_variable"/>
    <testcase time="0.004" classname="fit_gee" name="order_data_messages_are_as_expected_and_can_be_suppressed_for_character_visit_variable"/>
    <testcase time="0.157" classname="fit_gee" name="fit_gee_works_as_expected_for_unstructured_correlation_structure"/>
    <testcase time="0.00199999999999978" classname="fit_gee" name="fit_gee_works_as_expected_for_unstructured_correlation_structure"/>
    <testcase time="0.152" classname="fit_gee" name="fit_gee_works_as_expected_for_AR1_correlation_structure"/>
    <testcase time="0.00200000000000022" classname="fit_gee" name="fit_gee_works_as_expected_for_AR1_correlation_structure"/>
    <testcase time="0.104" classname="fit_gee" name="fit_gee_works_as_expected_for_compound_symmetry_correlation_structure"/>
    <testcase time="0.00200000000000022" classname="fit_gee" name="fit_gee_works_as_expected_for_compound_symmetry_correlation_structure"/>
    <testcase time="0.141" classname="fit_gee" name="fit_gee_works_as_expected_for_Toeplitz_correlation_structure"/>
    <testcase time="0.00300000000000011" classname="fit_gee" name="fit_gee_works_as_expected_for_Toeplitz_correlation_structure"/>
  </testsuite>
  <testsuite name="gee_methods" timestamp="2024-08-06T13:04:01Z" hostname="6f71e4b1ed72" tests="10" skipped="0" failures="0" errors="0" time="0.642">
    <testcase time="0.148" classname="gee_methods" name="vcov_works_as_expected"/>
    <testcase time="0.00200000000000022" classname="gee_methods" name="vcov_works_as_expected"/>
    <testcase time="0.146" classname="gee_methods" name="VarCorr_works_as_expected_for_unstructured_correlation_structure"/>
    <testcase time="0.00600000000000023" classname="gee_methods" name="VarCorr_works_as_expected_for_unstructured_correlation_structure"/>
    <testcase time="0.0949999999999998" classname="gee_methods" name="VarCorr_works_as_expected_for_compound_symmetry_correlation_structure"/>
    <testcase time="0.00499999999999989" classname="gee_methods" name="VarCorr_works_as_expected_for_compound_symmetry_correlation_structure"/>
    <testcase time="0.109" classname="gee_methods" name="VarCorr_works_as_expected_for_AR1_correlation_structure"/>
    <testcase time="0.00500000000000034" classname="gee_methods" name="VarCorr_works_as_expected_for_AR1_correlation_structure"/>
    <testcase time="0.121" classname="gee_methods" name="VarCorr_works_as_expected_for_Toeplitz_correlation_structure"/>
    <testcase time="0.00499999999999989" classname="gee_methods" name="VarCorr_works_as_expected_for_Toeplitz_correlation_structure"/>
  </testsuite>
  <testsuite name="lsmeans" timestamp="2024-08-06T13:04:02Z" hostname="6f71e4b1ed72" tests="4" skipped="0" failures="0" errors="0" time="0.259">
    <testcase time="0.25" classname="lsmeans" name="lsmeans_works_for_logistic_model"/>
    <testcase time="0.00199999999999978" classname="lsmeans" name="lsmeans_works_for_logistic_model"/>
    <testcase time="0.00100000000000033" classname="lsmeans" name="lsmeans_works_for_logistic_model"/>
    <testcase time="0.00599999999999978" classname="lsmeans" name="lsmeans_works_for_logistic_model"/>
  </testsuite>
  <testsuite name="tabulate_gee" timestamp="2024-08-06T13:04:02Z" hostname="6f71e4b1ed72" tests="7" skipped="3" failures="0" errors="0" time="1.097">
    <testcase time="0.213000000000001" classname="tabulate_gee" name="h_gee_cov_works_as_expected"/>
    <testcase time="0.0269999999999992" classname="tabulate_gee" name="h_gee_cov_works_as_expected"/>
    <testcase time="0.114" classname="tabulate_gee" name="h_gee_cov_works_as_expected">
      <skipped message="Reason: On CRAN ('test-tabulate_gee.R:32:3')"/>
    </testcase>
    <testcase time="0.0980000000000008" classname="tabulate_gee" name="s_lsmeans_logistic_works_as_expected_when_not_in_reference_column"/>
    <testcase time="0.0640000000000001" classname="tabulate_gee" name="s_mmrm_lsmeans_works_as_expected_when_in_reference_column"/>
    <testcase time="0.324" classname="tabulate_gee" name="summarize_gee_logistic_works_as_expected_with_covariates_in_the_model">
      <skipped message="Reason: On CRAN ('test-tabulate_gee.R:73:3')"/>
    </testcase>
    <testcase time="0.257" classname="tabulate_gee" name="summarize_gee_logistic_works_as_expected_with_no_covariates_in_the_model">
      <skipped message="Reason: On CRAN ('test-tabulate_gee.R:98:3')"/>
    </testcase>
  </testsuite>
</testsuites>
