<?xml version="1.0" encoding="UTF-8"?>
<testsuites>
  <testsuite name="fit_gee" timestamp="2023-04-11T13:57:16Z" hostname="e4e2575e9cfa" tests="16" skipped="0" failures="0" errors="0" time="1.912">
    <testcase time="0.278" classname="fit_gee" name="build_formula_builds_the_correct_formula"/>
    <testcase time="0.032" classname="fit_gee" name="build_formula_works_without_covariates"/>
    <testcase time="0.0129999999999999" classname="fit_gee" name="build_formula_works_without_covariates"/>
    <testcase time="0.628" classname="fit_gee" name="build_family_returns_the_correct_class"/>
    <testcase time="0.00199999999999978" classname="fit_gee" name="build_family_returns_the_correct_class"/>
    <testcase time="0.024" classname="fit_gee" name="build_family_gives_error_message_if_incorrect_regression_type_is_given"/>
    <testcase time="0.0119999999999996" classname="fit_gee" name="build_cor_details_returns_the_correct_correlation_details"/>
    <testcase time="0.0140000000000002" classname="fit_gee" name="build_cor_details_gives_error_message_if_incorrect_correlation_structure_is_given"/>
    <testcase time="0.398" classname="fit_gee" name="fit_gee_works_as_expected_for_unstructured_correlation_structure"/>
    <testcase time="0.00199999999999978" classname="fit_gee" name="fit_gee_works_as_expected_for_unstructured_correlation_structure"/>
    <testcase time="0.153" classname="fit_gee" name="fit_gee_works_as_expected_for_AR1_correlation_structure"/>
    <testcase time="0.00199999999999978" classname="fit_gee" name="fit_gee_works_as_expected_for_AR1_correlation_structure"/>
    <testcase time="0.141" classname="fit_gee" name="fit_gee_works_as_expected_for_compound_symmetry_correlation_structure"/>
    <testcase time="0.00199999999999978" classname="fit_gee" name="fit_gee_works_as_expected_for_compound_symmetry_correlation_structure"/>
    <testcase time="0.21" classname="fit_gee" name="fit_gee_works_as_expected_for_Toeplitz_correlation_structure"/>
    <testcase time="0.00100000000000033" classname="fit_gee" name="fit_gee_works_as_expected_for_Toeplitz_correlation_structure"/>
  </testsuite>
  <testsuite name="gee_methods" timestamp="2023-04-11T13:57:18Z" hostname="e4e2575e9cfa" tests="10" skipped="0" failures="0" errors="0" time="0.965">
    <testcase time="0.24" classname="gee_methods" name="vcov_works_as_expected"/>
    <testcase time="0.000999999999999446" classname="gee_methods" name="vcov_works_as_expected"/>
    <testcase time="0.219" classname="gee_methods" name="VarCorr_works_as_expected_for_unstructured_correlation_structure"/>
    <testcase time="0.00999999999999979" classname="gee_methods" name="VarCorr_works_as_expected_for_unstructured_correlation_structure"/>
    <testcase time="0.131" classname="gee_methods" name="VarCorr_works_as_expected_for_compound_symmetry_correlation_structure"/>
    <testcase time="0.00600000000000023" classname="gee_methods" name="VarCorr_works_as_expected_for_compound_symmetry_correlation_structure"/>
    <testcase time="0.144" classname="gee_methods" name="VarCorr_works_as_expected_for_AR1_correlation_structure"/>
    <testcase time="0.00600000000000023" classname="gee_methods" name="VarCorr_works_as_expected_for_AR1_correlation_structure"/>
    <testcase time="0.202" classname="gee_methods" name="VarCorr_works_as_expected_for_Toeplitz_correlation_structure"/>
    <testcase time="0.00600000000000023" classname="gee_methods" name="VarCorr_works_as_expected_for_Toeplitz_correlation_structure"/>
  </testsuite>
  <testsuite name="lsmeans" timestamp="2023-04-11T13:57:19Z" hostname="e4e2575e9cfa" tests="4" skipped="0" failures="0" errors="0" time="0.366">
    <testcase time="0.352" classname="lsmeans" name="lsmeans_works_for_logistic_model"/>
    <testcase time="0.00199999999999978" classname="lsmeans" name="lsmeans_works_for_logistic_model"/>
    <testcase time="0.00300000000000011" classname="lsmeans" name="lsmeans_works_for_logistic_model"/>
    <testcase time="0.00899999999999945" classname="lsmeans" name="lsmeans_works_for_logistic_model"/>
  </testsuite>
  <testsuite name="tabulate_gee" timestamp="2023-04-11T13:57:19Z" hostname="e4e2575e9cfa" tests="8" skipped="1" failures="0" errors="0" time="1.492">
    <testcase time="0.239" classname="tabulate_gee" name="h_gee_coef_works_as_expected">
      <skipped message="Reason: empty test ('test-tabulate_gee.R:13:1')"/>
    </testcase>
    <testcase time="0.142" classname="tabulate_gee" name="h_gee_cov_works_as_expected"/>
    <testcase time="0.0309999999999997" classname="tabulate_gee" name="h_gee_cov_works_as_expected"/>
    <testcase time="0.0860000000000003" classname="tabulate_gee" name="h_gee_cov_works_as_expected"/>
    <testcase time="0.116" classname="tabulate_gee" name="s_lsmeans_logistic_works_as_expected_when_not_in_reference_column"/>
    <testcase time="0.113" classname="tabulate_gee" name="s_mmrm_lsmeans_works_as_expected_when_in_reference_column"/>
    <testcase time="0.372" classname="tabulate_gee" name="summarize_gee_logistic_works_as_expected_with_covariates_in_the_model"/>
    <testcase time="0.393000000000001" classname="tabulate_gee" name="summarize_gee_logistic_works_as_expected_with_no_covariates_in_the_model"/>
  </testsuite>
</testsuites>
