<?xml version="1.0" encoding="UTF-8"?>
<testsuites>
  <testsuite name="fit_gee" timestamp="2023-05-08T15:57:51Z" hostname="7859fffdf99b" tests="16" skipped="0" failures="0" errors="0" time="1.325">
    <testcase time="0.19" classname="fit_gee" name="build_formula_builds_the_correct_formula"/>
    <testcase time="0.0230000000000001" classname="fit_gee" name="build_formula_works_without_covariates"/>
    <testcase time="0.00599999999999978" classname="fit_gee" name="build_formula_works_without_covariates"/>
    <testcase time="0.465" classname="fit_gee" name="build_family_returns_the_correct_class"/>
    <testcase time="0.00200000000000022" classname="fit_gee" name="build_family_returns_the_correct_class"/>
    <testcase time="0.0179999999999998" classname="fit_gee" name="build_family_gives_error_message_if_incorrect_regression_type_is_given"/>
    <testcase time="0.00800000000000001" classname="fit_gee" name="build_cor_details_returns_the_correct_correlation_details"/>
    <testcase time="0.00900000000000034" classname="fit_gee" name="build_cor_details_gives_error_message_if_incorrect_correlation_structure_is_given"/>
    <testcase time="0.278" classname="fit_gee" name="fit_gee_works_as_expected_for_unstructured_correlation_structure"/>
    <testcase time="0.00099999999999989" classname="fit_gee" name="fit_gee_works_as_expected_for_unstructured_correlation_structure"/>
    <testcase time="0.1" classname="fit_gee" name="fit_gee_works_as_expected_for_AR1_correlation_structure"/>
    <testcase time="0.00099999999999989" classname="fit_gee" name="fit_gee_works_as_expected_for_AR1_correlation_structure"/>
    <testcase time="0.0909999999999997" classname="fit_gee" name="fit_gee_works_as_expected_for_compound_symmetry_correlation_structure"/>
    <testcase time="0.00100000000000033" classname="fit_gee" name="fit_gee_works_as_expected_for_compound_symmetry_correlation_structure"/>
    <testcase time="0.131" classname="fit_gee" name="fit_gee_works_as_expected_for_Toeplitz_correlation_structure"/>
    <testcase time="0.00099999999999989" classname="fit_gee" name="fit_gee_works_as_expected_for_Toeplitz_correlation_structure"/>
  </testsuite>
  <testsuite name="gee_methods" timestamp="2023-05-08T15:57:52Z" hostname="7859fffdf99b" tests="10" skipped="0" failures="0" errors="0" time="0.615">
    <testcase time="0.152" classname="gee_methods" name="vcov_works_as_expected"/>
    <testcase time="0.00099999999999989" classname="gee_methods" name="vcov_works_as_expected"/>
    <testcase time="0.14" classname="gee_methods" name="VarCorr_works_as_expected_for_unstructured_correlation_structure"/>
    <testcase time="0.00700000000000012" classname="gee_methods" name="VarCorr_works_as_expected_for_unstructured_correlation_structure"/>
    <testcase time="0.0829999999999997" classname="gee_methods" name="VarCorr_works_as_expected_for_compound_symmetry_correlation_structure"/>
    <testcase time="0.00499999999999989" classname="gee_methods" name="VarCorr_works_as_expected_for_compound_symmetry_correlation_structure"/>
    <testcase time="0.0940000000000003" classname="gee_methods" name="VarCorr_works_as_expected_for_AR1_correlation_structure"/>
    <testcase time="0.00399999999999956" classname="gee_methods" name="VarCorr_works_as_expected_for_AR1_correlation_structure"/>
    <testcase time="0.124000000000001" classname="gee_methods" name="VarCorr_works_as_expected_for_Toeplitz_correlation_structure"/>
    <testcase time="0.00499999999999989" classname="gee_methods" name="VarCorr_works_as_expected_for_Toeplitz_correlation_structure"/>
  </testsuite>
  <testsuite name="lsmeans" timestamp="2023-05-08T15:57:53Z" hostname="7859fffdf99b" tests="4" skipped="0" failures="0" errors="0" time="0.245">
    <testcase time="0.237" classname="lsmeans" name="lsmeans_works_for_logistic_model"/>
    <testcase time="0.000999999999999446" classname="lsmeans" name="lsmeans_works_for_logistic_model"/>
    <testcase time="0.00200000000000067" classname="lsmeans" name="lsmeans_works_for_logistic_model"/>
    <testcase time="0.00499999999999989" classname="lsmeans" name="lsmeans_works_for_logistic_model"/>
  </testsuite>
  <testsuite name="tabulate_gee" timestamp="2023-05-08T15:57:53Z" hostname="7859fffdf99b" tests="8" skipped="1" failures="0" errors="0" time="0.995">
    <testcase time="0.153" classname="tabulate_gee" name="h_gee_coef_works_as_expected">
      <skipped message="Reason: empty test ('test-tabulate_gee.R:13:1')"/>
    </testcase>
    <testcase time="0.0920000000000005" classname="tabulate_gee" name="h_gee_cov_works_as_expected"/>
    <testcase time="0.0209999999999999" classname="tabulate_gee" name="h_gee_cov_works_as_expected"/>
    <testcase time="0.0499999999999998" classname="tabulate_gee" name="h_gee_cov_works_as_expected"/>
    <testcase time="0.0830000000000002" classname="tabulate_gee" name="s_lsmeans_logistic_works_as_expected_when_not_in_reference_column"/>
    <testcase time="0.0780000000000003" classname="tabulate_gee" name="s_mmrm_lsmeans_works_as_expected_when_in_reference_column"/>
    <testcase time="0.257" classname="tabulate_gee" name="summarize_gee_logistic_works_as_expected_with_covariates_in_the_model"/>
    <testcase time="0.261" classname="tabulate_gee" name="summarize_gee_logistic_works_as_expected_with_no_covariates_in_the_model"/>
  </testsuite>
</testsuites>
