<?xml version="1.0" encoding="UTF-8"?>
<testsuites>
  <testsuite name="fit_gee" timestamp="2023-08-21T16:07:09Z" hostname="6d407d5b5c68" tests="16" skipped="0" failures="0" errors="0" time="1.803">
    <testcase time="0.0270000000000001" classname="fit_gee" name="build_formula_builds_the_correct_formula"/>
    <testcase time="0.107" classname="fit_gee" name="build_formula_works_without_covariates"/>
    <testcase time="0.0089999999999999" classname="fit_gee" name="build_formula_works_without_covariates"/>
    <testcase time="0.786" classname="fit_gee" name="build_family_returns_the_correct_class"/>
    <testcase time="0.00200000000000022" classname="fit_gee" name="build_family_returns_the_correct_class"/>
    <testcase time="0.032" classname="fit_gee" name="build_family_gives_error_message_if_incorrect_regression_type_is_given"/>
    <testcase time="0.0150000000000001" classname="fit_gee" name="build_cor_details_returns_the_correct_correlation_details"/>
    <testcase time="0.0189999999999997" classname="fit_gee" name="build_cor_details_gives_error_message_if_incorrect_correlation_structure_is_given"/>
    <testcase time="0.34" classname="fit_gee" name="fit_gee_works_as_expected_for_unstructured_correlation_structure"/>
    <testcase time="0.00100000000000033" classname="fit_gee" name="fit_gee_works_as_expected_for_unstructured_correlation_structure"/>
    <testcase time="0.130999999999999" classname="fit_gee" name="fit_gee_works_as_expected_for_AR1_correlation_structure"/>
    <testcase time="0.00200000000000067" classname="fit_gee" name="fit_gee_works_as_expected_for_AR1_correlation_structure"/>
    <testcase time="0.138999999999999" classname="fit_gee" name="fit_gee_works_as_expected_for_compound_symmetry_correlation_structure"/>
    <testcase time="0.00100000000000033" classname="fit_gee" name="fit_gee_works_as_expected_for_compound_symmetry_correlation_structure"/>
    <testcase time="0.19" classname="fit_gee" name="fit_gee_works_as_expected_for_Toeplitz_correlation_structure"/>
    <testcase time="0.00200000000000067" classname="fit_gee" name="fit_gee_works_as_expected_for_Toeplitz_correlation_structure"/>
  </testsuite>
  <testsuite name="gee_methods" timestamp="2023-08-21T16:07:11Z" hostname="6d407d5b5c68" tests="10" skipped="0" failures="0" errors="0" time="0.834">
    <testcase time="0.202999999999999" classname="gee_methods" name="vcov_works_as_expected"/>
    <testcase time="0.00100000000000033" classname="gee_methods" name="vcov_works_as_expected"/>
    <testcase time="0.184" classname="gee_methods" name="VarCorr_works_as_expected_for_unstructured_correlation_structure"/>
    <testcase time="0.00800000000000001" classname="gee_methods" name="VarCorr_works_as_expected_for_unstructured_correlation_structure"/>
    <testcase time="0.113" classname="gee_methods" name="VarCorr_works_as_expected_for_compound_symmetry_correlation_structure"/>
    <testcase time="0.00600000000000023" classname="gee_methods" name="VarCorr_works_as_expected_for_compound_symmetry_correlation_structure"/>
    <testcase time="0.131" classname="gee_methods" name="VarCorr_works_as_expected_for_AR1_correlation_structure"/>
    <testcase time="0.00600000000000023" classname="gee_methods" name="VarCorr_works_as_expected_for_AR1_correlation_structure"/>
    <testcase time="0.175" classname="gee_methods" name="VarCorr_works_as_expected_for_Toeplitz_correlation_structure"/>
    <testcase time="0.00699999999999967" classname="gee_methods" name="VarCorr_works_as_expected_for_Toeplitz_correlation_structure"/>
  </testsuite>
  <testsuite name="lsmeans" timestamp="2023-08-21T16:07:12Z" hostname="6d407d5b5c68" tests="4" skipped="0" failures="0" errors="0" time="0.311">
    <testcase time="0.3" classname="lsmeans" name="lsmeans_works_for_logistic_model"/>
    <testcase time="0.00200000000000067" classname="lsmeans" name="lsmeans_works_for_logistic_model"/>
    <testcase time="0.000999999999999446" classname="lsmeans" name="lsmeans_works_for_logistic_model"/>
    <testcase time="0.00800000000000001" classname="lsmeans" name="lsmeans_works_for_logistic_model"/>
  </testsuite>
  <testsuite name="tabulate_gee" timestamp="2023-08-21T16:07:12Z" hostname="6d407d5b5c68" tests="8" skipped="1" failures="0" errors="0" time="1.422">
    <testcase time="0.203" classname="tabulate_gee" name="h_gee_coef_works_as_expected">
      <skipped message="Reason: empty test ('test-tabulate_gee.R:13:1')"/>
    </testcase>
    <testcase time="0.119" classname="tabulate_gee" name="h_gee_cov_works_as_expected"/>
    <testcase time="0.0280000000000005" classname="tabulate_gee" name="h_gee_cov_works_as_expected"/>
    <testcase time="0.0789999999999997" classname="tabulate_gee" name="h_gee_cov_works_as_expected"/>
    <testcase time="0.119" classname="tabulate_gee" name="s_lsmeans_logistic_works_as_expected_when_not_in_reference_column"/>
    <testcase time="0.105" classname="tabulate_gee" name="s_mmrm_lsmeans_works_as_expected_when_in_reference_column"/>
    <testcase time="0.383999999999999" classname="tabulate_gee" name="summarize_gee_logistic_works_as_expected_with_covariates_in_the_model"/>
    <testcase time="0.385000000000001" classname="tabulate_gee" name="summarize_gee_logistic_works_as_expected_with_no_covariates_in_the_model"/>
  </testsuite>
</testsuites>
