<?xml version="1.0" encoding="UTF-8"?>
<testsuites>
  <testsuite name="fit_gee" timestamp="2024-09-14T08:59:40Z" hostname="9c9dfb4e69fa" tests="25" skipped="0" failures="0" errors="0" time="0.896">
    <testcase time="0.016" classname="fit_gee" name="build_formula_builds_the_correct_formula"/>
    <testcase time="0.024" classname="fit_gee" name="build_formula_works_without_covariates"/>
    <testcase time="0.00499999999999989" classname="fit_gee" name="build_formula_works_without_covariates"/>
    <testcase time="0.281" classname="fit_gee" name="build_family_returns_the_correct_class"/>
    <testcase time="0.00099999999999989" classname="fit_gee" name="build_family_returns_the_correct_class"/>
    <testcase time="0.00999999999999979" classname="fit_gee" name="build_family_gives_error_message_if_incorrect_regression_type_is_given"/>
    <testcase time="0.00500000000000034" classname="fit_gee" name="build_cor_details_returns_the_correct_correlation_details"/>
    <testcase time="0.00800000000000001" classname="fit_gee" name="build_cor_details_gives_error_message_if_incorrect_correlation_structure_is_given"/>
    <testcase time="0.004" classname="fit_gee" name="order_data_works_as_expected"/>
    <testcase time="0.00299999999999967" classname="fit_gee" name="order_data_works_as_expected"/>
    <testcase time="0.00100000000000033" classname="fit_gee" name="order_data_works_as_expected"/>
    <testcase time="0.00299999999999967" classname="fit_gee" name="order_data_works_as_expected"/>
    <testcase time="0.0230000000000001" classname="fit_gee" name="order_data_messages_are_as_expected_and_can_be_suppressed_for_character_visit_variable"/>
    <testcase time="0.00200000000000022" classname="fit_gee" name="order_data_messages_are_as_expected_and_can_be_suppressed_for_character_visit_variable"/>
    <testcase time="0.00099999999999989" classname="fit_gee" name="order_data_messages_are_as_expected_and_can_be_suppressed_for_character_visit_variable"/>
    <testcase time="0.00099999999999989" classname="fit_gee" name="order_data_messages_are_as_expected_and_can_be_suppressed_for_character_visit_variable"/>
    <testcase time="0.00200000000000022" classname="fit_gee" name="order_data_messages_are_as_expected_and_can_be_suppressed_for_character_visit_variable"/>
    <testcase time="0.14" classname="fit_gee" name="fit_gee_works_as_expected_for_unstructured_correlation_structure"/>
    <testcase time="0.00200000000000022" classname="fit_gee" name="fit_gee_works_as_expected_for_unstructured_correlation_structure"/>
    <testcase time="0.137" classname="fit_gee" name="fit_gee_works_as_expected_for_AR1_correlation_structure"/>
    <testcase time="0.00099999999999989" classname="fit_gee" name="fit_gee_works_as_expected_for_AR1_correlation_structure"/>
    <testcase time="0.0979999999999999" classname="fit_gee" name="fit_gee_works_as_expected_for_compound_symmetry_correlation_structure"/>
    <testcase time="0.00200000000000022" classname="fit_gee" name="fit_gee_works_as_expected_for_compound_symmetry_correlation_structure"/>
    <testcase time="0.124" classname="fit_gee" name="fit_gee_works_as_expected_for_Toeplitz_correlation_structure"/>
    <testcase time="0.00199999999999978" classname="fit_gee" name="fit_gee_works_as_expected_for_Toeplitz_correlation_structure"/>
  </testsuite>
  <testsuite name="gee_methods" timestamp="2024-09-14T08:59:41Z" hostname="9c9dfb4e69fa" tests="10" skipped="0" failures="0" errors="0" time="0.584">
    <testcase time="0.134" classname="gee_methods" name="vcov_works_as_expected"/>
    <testcase time="0.00200000000000022" classname="gee_methods" name="vcov_works_as_expected"/>
    <testcase time="0.128" classname="gee_methods" name="VarCorr_works_as_expected_for_unstructured_correlation_structure"/>
    <testcase time="0.004" classname="gee_methods" name="VarCorr_works_as_expected_for_unstructured_correlation_structure"/>
    <testcase time="0.0899999999999999" classname="gee_methods" name="VarCorr_works_as_expected_for_compound_symmetry_correlation_structure"/>
    <testcase time="0.004" classname="gee_methods" name="VarCorr_works_as_expected_for_compound_symmetry_correlation_structure"/>
    <testcase time="0.101" classname="gee_methods" name="VarCorr_works_as_expected_for_AR1_correlation_structure"/>
    <testcase time="0.004" classname="gee_methods" name="VarCorr_works_as_expected_for_AR1_correlation_structure"/>
    <testcase time="0.113" classname="gee_methods" name="VarCorr_works_as_expected_for_Toeplitz_correlation_structure"/>
    <testcase time="0.004" classname="gee_methods" name="VarCorr_works_as_expected_for_Toeplitz_correlation_structure"/>
  </testsuite>
  <testsuite name="lsmeans" timestamp="2024-09-14T08:59:42Z" hostname="9c9dfb4e69fa" tests="4" skipped="0" failures="0" errors="0" time="0.368">
    <testcase time="0.359" classname="lsmeans" name="lsmeans_works_for_logistic_model"/>
    <testcase time="0.00199999999999978" classname="lsmeans" name="lsmeans_works_for_logistic_model"/>
    <testcase time="0.00200000000000022" classname="lsmeans" name="lsmeans_works_for_logistic_model"/>
    <testcase time="0.00499999999999989" classname="lsmeans" name="lsmeans_works_for_logistic_model"/>
  </testsuite>
  <testsuite name="tabulate_gee" timestamp="2024-09-14T08:59:42Z" hostname="9c9dfb4e69fa" tests="7" skipped="0" failures="0" errors="0" time="0.996">
    <testcase time="0.206" classname="tabulate_gee" name="h_gee_cov_works_as_expected"/>
    <testcase time="0.0270000000000001" classname="tabulate_gee" name="h_gee_cov_works_as_expected"/>
    <testcase time="0.122" classname="tabulate_gee" name="h_gee_cov_works_as_expected"/>
    <testcase time="0.0580000000000003" classname="tabulate_gee" name="s_lsmeans_logistic_works_as_expected_when_not_in_reference_column"/>
    <testcase time="0.0540000000000003" classname="tabulate_gee" name="s_mmrm_lsmeans_works_as_expected_when_in_reference_column"/>
    <testcase time="0.308" classname="tabulate_gee" name="summarize_gee_logistic_works_as_expected_with_covariates_in_the_model"/>
    <testcase time="0.221" classname="tabulate_gee" name="summarize_gee_logistic_works_as_expected_with_no_covariates_in_the_model"/>
  </testsuite>
</testsuites>
